0x17c N 0x180
range error
0x17c range error
T 0x17c
range error
0x17c range error
T 0x17c
range error
0x17c range error
T 0x17c
range error
0x17c range error
T 0x17c
range error
0x17c range error
T 0x17c
range error
0x17c range error
T 0x17c
range error
0x17c range error
T 0x17c
range error
0x17c range error
T 0x17c
range error
0x17c range error
T 0x17c
range error
0x17c range error
T 0x17c
range error
0x17c range error
T 0x17c
range error
0x17c range error
T 0x17c
range error
0x17c range error
T 0x17c
range error
0x17c range error
T 0x17c
range error
0x17c range error
T 0x17c
range error
0x17c range error
T 0x17c
range error
0x17c range error
T 0x17c
range error
0x27c N 0x280
range error
0x17c N 0x180
range error
0x17c range error
T 0x17c
range error
0x17c range error
T 0x17c
range error
0x17c range error
T 0x17c
range error
0x17c range error
T 0x17c
range error
0x17c range error
T 0x17c
range error
0x17c range error
T 0x17c
range error
0x17c range error
T 0x17c
range error
0x17c range error
T 0x17c
range error
0x17c range error
T 0x17c
range error
0x17c range error
T 0x17c
range error
0x17c range error
T 0x17c
range error
0x17c range error
T 0x17c
range error
0x17c range error
T 0x17c
range error
0x17c range error
T 0x17c
range error
0x17c range error
T 0x17c
range error
0x17c range error
T 0x17c
range error
0x17c range error
N 0x180
range error
flush_num: 17, br_num: 37, size: 1600b
